Category, Sink ID, Process ID, Thread ID, Time (Ticks), Text
PROCESS_OUTPUT,STREAM_STDIO,39,100208,855931618829,"launching : /host/C:\Users\s21119698\Desktop\ResidentSleepers-ConsoleGameDev\ConsoleGame\PS4\Build\eboot.self 
"
PROCESS_OUTPUT,STREAM_STDIO,39,100208,855931756325,"[Syscore App]TRACE : W:\Build\J02628837\sys\internal\syscore\app\app_syscore_event.cpp 926 setWaitState()
"
PROCESS_OUTPUT,STREAM_STDIO,39,100208,855931807679,"[Syscore App] Syscore Event Queue Push : SCE_SYSCORE_EVENT_LAUNCH_REQUEST_FROM_DEBUGGER
"
PROCESS_OUTPUT,STREAM_STDIO,39,100208,855931858080,"[Syscore App]TRACE : W:\Build\J02628837\sys\internal\syscore\app\app_syscore_event.cpp 961 receiveResult()
"
PROCESS_OUTPUT,STREAM_STDIO,39,100149,855932048140,"[Syscore App] Syscore Event Queue Pop : SCE_SYSCORE_EVENT_LAUNCH_REQUEST_FROM_DEBUGGER
"
PROCESS_OUTPUT,STREAM_STDIO,42,100220,855983405558,"[SceLncService] category={gd} VRMode={0,0}
"
PROCESS_OUTPUT,STREAM_STDIO,42,100220,855983709036,"[SceLncService] hnm,psnf,pc,tk,ns={1,0,1,0,1} appBootMode={1}
"
PROCESS_OUTPUT,STREAM_STDIO,42,100220,855983771381,"[SceLncService] appType={SCE_LNC_APP_TYPE_BIG_APP} [DEBUGGER] appVer={01.00}
"
PROCESS_OUTPUT,STREAM_STDIO,42,100220,855983917762,"[SceLncService] Waiting for LoginMgr
"
PROCESS_OUTPUT,STREAM_STDIO,42,100220,855983973898,"[SceLncService] Num. of logged-in users is 1
"
PROCESS_OUTPUT,STREAM_STDIO,42,100220,855984043018,"[SceLncService] PrepareProcessLaunchDebuggerCheck()
"
PROCESS_OUTPUT,STREAM_STDIO,42,100220,856039627988,"[SceLncService] PrepareProcessLaunchDebuggerCheck() returned
"
PROCESS_OUTPUT,STREAM_STDIO,42,100212,856040785064,"[SceSystemStateMgr] Power Mode Change: FULL_GAME
"
PROCESS_OUTPUT,STREAM_STDIO,39,100142,856057273621,"[Syscore Umd] Set memory pstate (hasRunningGame=0, hasRunningMiniApp=0, isSplashDisplayed=0
"
CP_KERNEL_OUTPUT,STREAM_SYSCON,0,0,537048243,"[Syscore Umd] Set memory pstate (hasRunningGame=0, hasRunningMiniApp=0, isSplashDisplayed=0
"
PROCESS_OUTPUT,STREAM_STDIO,42,100212,856350975154,"[SceSystemStateMgr] Bug#183465 workaround is activated. vid_diff = -3, mgcg = 1
"
PROCESS_OUTPUT,STREAM_STDIO,39,100143,856376479200,"[Syscore Umd] Switching to Neo mode.
"
CP_KERNEL_OUTPUT,STREAM_SYSCON,0,0,537243634,"[Syscore Umd] Switching to Neo mode.
"
PROCESS_OUTPUT,STREAM_STDIO,39,100143,856427216934,"[Syscore App] W:\Build\J02628837\sys\internal\syscore\app/process_monitor.h(250) m_currentMode=2
"
PROCESS_OUTPUT,STREAM_STDIO,42,100212,856427654907,"[SceSystemStateMgr] CPU  HLT CP SE CU ACLK DCLK ECLK LCLK SCLK SAMCLK VCLK DispCLK NCLK MemCLK MemP GMC DPM VDD      VDDNB    S"
PROCESS_OUTPUT,STREAM_STDIO,42,100212,856427733702,"OC      
"
PROCESS_OUTPUT,STREAM_STDIO,42,100212,856427792157,"[SceSystemStateMgr] 2100   0 GL  4 36  800  853  711  800  911    800  984     673 1700   1700   GL  GL   3 050/1037 043/1106 0"
PROCESS_OUTPUT,STREAM_STDIO,42,100212,856427863775,"0740f12
"
PROCESS_OUTPUT,STREAM_STDIO,42,100220,856428355851,"[SceLncService] PrepareProcessLaunchDebugger()
"
PROCESS_OUTPUT,STREAM_STDIO,42,100220,856538908726,"[BGFT] [606] GameWillStart(NPXX51362, 3) start
"
PROCESS_OUTPUT,STREAM_STDIO,42,100220,856539220934,"[BGFT] [608] GameWillStart(NPXX51362, 3) end
"
PROCESS_OUTPUT,STREAM_STDIO,42,100220,856540116087,"sceNpAsmClientGetServiceIdInfoA() ret = 0x8055000a (Service ID list for AC obtainment failure)
"
PROCESS_OUTPUT,STREAM_STDIO,42,100220,856609754193,"[SceLncService] PrepareProcessLaunchDebugger() returned
"
PROCESS_OUTPUT,STREAM_STDIO,42,100158,856753330521,"[SceShellCore] Libc Heap Status: free 43%, in-use 3491.1 KB, trend +26.5 KB/min, peak 3949.4 KB, when 523 [sec]
"
PROCESS_OUTPUT,STREAM_STDIO,44,100493,856791713878,"[SceShellUI] I/PSM.UI : OnFocusActiveSceneChanged [ContentAreaScene : ContentAreaScene] -> [SplashScreen : SplashScreenScene]
"
PROCESS_OUTPUT,STREAM_STDIO,44,100493,856791831829,"[SceShellUI] I/PSM.UI :      Scene [SplashScreen : SplashScreenScene] : Alive
"
PROCESS_OUTPUT,STREAM_STDIO,44,100493,856792898767,"SetDeviceIndexBehavior: mode=MergeAllConnectedDevice, param=null
"
PROCESS_OUTPUT,STREAM_STDIO,44,100493,856793057545,"[Theme/I] : ActiveUserChanged : From : [BLUE(userId = 107182a4)]
"
PROCESS_OUTPUT,STREAM_STDIO,44,100493,856793191982,"[Theme/I] : ActiveUserChanged : To   : [ANONYMOUS(userId = ffffffff)]
"
PROCESS_OUTPUT,STREAM_STDIO,44,100493,856796641186,"[Theme/I] : Apply [ANONYMOUS] : [Option:101000]: with not preloaded user
"
PROCESS_OUTPUT,STREAM_STDIO,42,100220,857143264728,"[SceLncService] spawnApp
"
PROCESS_OUTPUT,STREAM_STDIO,39,100148,857143485657,"[Syscore App] createApp NPXX51362
"
PROCESS_OUTPUT,STREAM_STDIO,39,100148,857143621448,"[Syscore App]  ExpandCpuSetMode : disable
"
PROCESS_OUTPUT,STREAM_STDIO,39,100148,857143911777,"[Syscore App] processSpawn(pid, 0x60000c0a, 0x10c0a100, appParam, processParam, 1, 1, 1, param, debug, 0)
"
PROCESS_OUTPUT,STREAM_STDIO,39,100148,857143976697,"[Syscore App] appParam: appType = 0, rootPath = /mnt/sandbox/DBUG00001_000, titleId = NPXX51362
"
PROCESS_OUTPUT,STREAM_STDIO,39,100148,857144030887,"[Syscore App] processParam: elfPath = /host/C:\Users\s21119698\Desktop\ResidentSleepers-ConsoleGameDev\ConsoleGame\PS4\Build\eb"
PROCESS_OUTPUT,STREAM_STDIO,39,100148,857144096784,"oot.self, fullPath = /host/C:\Users\s21119698\Desktop\ResidentSleepers-ConsoleGameDev\ConsoleGame\PS4\Build\eboot.self
"
PROCESS_OUTPUT,STREAM_STDIO,39,100148,857154436987,"[Syscore App] new pid=0x3f[Syscore App] attributeExe= 0
"
PROCESS_OUTPUT,STREAM_STDIO,39,100148,857158066638,"[Syscore App] Ready to exec
"
PROCESS_OUTPUT,STREAM_STDIO,39,100148,857158139485,"[Syscore App] wait for NOTE_EXIT|NOTE_EXEC
"
PROCESS_OUTPUT,STREAM_STDIO,49,100827,857161915820,"[VCS]checkCpuUsage() [LNC->VCS] ShellUI is Bg. Reduce cpu usage.
"
PROCESS_OUTPUT,STREAM_STDIO,47,100747,858003563666,"[UIProcess] malloc stats freeSize:41265056 (98%) inuseSize:677984 peakSize:678496 [pid:0x2f]
"
PROCESS_OUTPUT,STREAM_STDIO,39,100148,858045517189,"[Syscore App] Add event : pid=0x3f
"
PROCESS_OUTPUT,STREAM_STDIO,39,100148,858045982548,"[AppMgr Trace]: New Process, pid=0x3f, created.
"
PROCESS_OUTPUT,STREAM_STDIO,39,100148,858046211580,"[AppMgr Trace]: New App, appId=0x60000c0a, created
"
PROCESS_OUTPUT,STREAM_STDIO,39,100148,858046336257,"[Syscore App]  ExpandCpuSetMode : disable
"
PROCESS_OUTPUT,STREAM_STDIO,42,100212,858059765455,"[PS]Error: W:\Build\J02628840\vsh\shell\shell_core\process_starter\process_mount.cpp at 1218
"
PROCESS_OUTPUT,STREAM_STDIO,42,100212,858059897656,"sceRifManagerPlayFirstTrialSwitchTimerState return 809c0201 [ent=ED1633-NPXX51362_00-0000000000000000, user=107182a4 pft=1]
"
PROCESS_OUTPUT,STREAM_STDIO,39,100150,858076456406,"[Syscore App]TRACE : W:\Build\J02628837\sys\internal\syscore\app\app_syscore_event.cpp 1013 setResult()
"
PROCESS_OUTPUT,STREAM_STDIO,44,100493,858214451179,"D/88391:
"
PROCESS_OUTPUT,STREAM_STDIO,44,100493,858231326066,"D/88391:NPXX51362
"
PROCESS_OUTPUT,STREAM_STDIO,44,100493,858304850821,"D/99301:SystemSoftware:
Application Started.
PlayStation(R)Store Delivered Content service may not be set up in DevNet.
See ""Pr"
PROCESS_OUTPUT,STREAM_STDIO,44,100493,858305104469,"ogramming Startup Guide"" for details.
"
PROCESS_OUTPUT,STREAM_STDIO,49,100826,858499973598,"[VCS]checkFocusStatus() [LNC->VCS] Focus Change. appType = 5(BIG_APP). appId = 0x60000c0a.
"
PROCESS_OUTPUT,STREAM_STDIO,57,100821,858500477583,"[VDECPROXY@A01B05F3:00000000]
"
PROCESS_OUTPUT,STREAM_STDIO,42,100212,858508287467,"[PS]Error: W:\Build\J02628840\vsh\shell\shell_core\process_starter\process_mount.cpp at 1218
"
PROCESS_OUTPUT,STREAM_STDIO,42,100212,858508693385,"sceRifManagerPlayFirstTrialSwitchTimerState return 809c0201 [ent=ED1633-NPXX51362_00-0000000000000000, user=107182a4 pft=6]
"
PROCESS_OUTPUT,STREAM_STDIO,50,100830,858518025977,"[AppDb] openDb()[1026]: [File:Open] openDb() call dbutil::Connection::Open() path[/NaeAPIpOFH/priv/mms/app.db] flags[0x10000002"
PROCESS_OUTPUT,STREAM_STDIO,50,100830,858518147586,"] result[0x0, 0]
"
PROCESS_OUTPUT,STREAM_STDIO,50,100830,858518219149,"[AppDb] AppInfoDbInitializeDaemon()[54]: [File:Open] AppInfoDbInitializeDaemon() call DbAccessor::Init() path[/NaeAPIpOFH/priv/"
PROCESS_OUTPUT,STREAM_STDIO,50,100830,858518279241,"mms/app.db] result[0x0, 0].
"
PROCESS_OUTPUT,STREAM_STDIO,50,100830,858525108757,"[AppDb] AppInfoDbTerminateDaemon()[67]: [File:Close] AppInfoDbTerminateDaemon() call DbAccessor::Terminate().
"
PROCESS_OUTPUT,STREAM_STDIO,50,100830,858526254831,"[AppDb] Terminate()[764]: [File:Close] DbAccessor::Terminate() call dbutil::Connection::Close().
"
PROCESS_OUTPUT,STREAM_STDIO,42,100200,858541398086,"[SL] AppFocusChanged [NPXS20001] -> [NPXX51362]
"
PROCESS_OUTPUT,STREAM_STDIO,63,100936,859060722939,"**** NEO Mode ****
"
PROCESS_OUTPUT,STREAM_STDERR,63,100936,859061003330,"GnmDriver_padebug enabled
"
PROCESS_OUTPUT,STREAM_STDIO,63,100936,859291923527,"GPU DEBUGGER - PRX Initialized
"
PROCESS_OUTPUT,STREAM_STDIO,63,100936,859417246219,"Successfully registered RTTV interface v9
"
PROCESS_OUTPUT,STREAM_STDIO,63,100936,859459761118,"********************************************************************************
"
PROCESS_OUTPUT,STREAM_STDIO,63,100936,859459907653,"RAZOR GPU: Capture module: Firmware build (10508011.00)
"
PROCESS_OUTPUT,STREAM_STDIO,63,100936,859459959861,"********************************************************************************
"
PROCESS_OUTPUT,STREAM_STDERR,63,100936,859460038823,"[RazorGpu2] GnmDriver interface v2.5 successfully retrieved
"
PROCESS_OUTPUT,STREAM_STDIO,63,100936,859464076850,"Successfully registered Razor capture interface v7
"
PROCESS_OUTPUT,STREAM_STDERR,63,100936,859464197032,"Razor GPU enabled
"
PROCESS_OUTPUT,STREAM_STDERR,63,100936,859594097578,"[GNM Validate] module start
"
PROCESS_OUTPUT,STREAM_STDERR,63,100936,859594248683,"*************************************************************************
"
PROCESS_OUTPUT,STREAM_STDERR,63,100936,859594354445,"** Initialized Gnm Validation Module
"
PROCESS_OUTPUT,STREAM_STDERR,63,100936,859594433082,"** Build Version: 10508011.0.0
"
PROCESS_OUTPUT,STREAM_STDERR,63,100936,859594490450,"** Operation Mode: Neo
"
PROCESS_OUTPUT,STREAM_STDERR,63,100936,859594546421,"** Build Type: Release
"
PROCESS_OUTPUT,STREAM_STDERR,63,100936,859594652673,"** Loaded From Firmware
"
PROCESS_OUTPUT,STREAM_STDERR,63,100936,859594710200,"*************************************************************************
"
PROCESS_OUTPUT,STREAM_STDIO,63,100936,860002092812,"Total Mem (MB) : 5802 (Libc : 0, Flexible : 428, Direct 5374 (Onion Heap 256))
"
PROCESS_OUTPUT,STREAM_STDIO,63,100936,860006914796,"FIOS2: built with SDK version 0x10508001
"
PROCESS_OUTPUT,STREAM_STDIO,63,100936,860118040121,"Argument Count = 1Arg 0 = 
"
PROCESS_OUTPUT,STREAM_STDIO,63,100936,860118156814,"********** LAUNCHER CONTROL ************************************
"
PROCESS_OUTPUT,STREAM_STDIO,63,100936,860118218909,"	File System Root = NONE SPECIFIED
"
PROCESS_OUTPUT,STREAM_STDIO,63,100936,860118282513,"	Launcher Path = NONE SPECIFIED
"
PROCESS_OUTPUT,STREAM_STDIO,63,100936,860118334951,"	Launcher Arguments NONE SPECIFIED
"
PROCESS_OUTPUT,STREAM_STDIO,63,100936,860118401258,"**********/LAUNCHER CONTROL ************************************
"
PROCESS_OUTPUT,STREAM_STDIO,63,100936,860118453892,"Initial available direct memory : 5376MB
"
PROCESS_OUTPUT,STREAM_STDIO,63,100936,860699551946,"[UnityMemory] Configuration Parameters - Can be set up in boot.config
"
PROCESS_OUTPUT,STREAM_STDIO,63,100936,860699676246,"    ""memorysetup-temp-allocator-size-gfx=262144""
"
PROCESS_OUTPUT,STREAM_STDIO,63,100936,860699732950,"    ""memorysetup-temp-allocator-size-audio-worker=65536""
"
PROCESS_OUTPUT,STREAM_STDIO,63,100936,860699815529,"    ""memorysetup-temp-allocator-size-nav-mesh-worker=65536""
"
PROCESS_OUTPUT,STREAM_STDIO,63,100936,860699972753,"    ""memorysetup-temp-allocator-size-preload-manager=262144""
"
PROCESS_OUTPUT,STREAM_STDIO,63,100936,860700029352,"    ""memorysetup-temp-allocator-size-job-worker=262144""
"
PROCESS_OUTPUT,STREAM_STDIO,63,100936,860700104842,"    ""memorysetup-temp-allocator-size-background-worker=32768""
"
PROCESS_OUTPUT,STREAM_STDIO,63,100936,860700169174,"    ""memorysetup-allocator-temp-initial-block-size-main=262144""
"
PROCESS_OUTPUT,STREAM_STDIO,63,100936,860700219191,"    ""memorysetup-allocator-temp-initial-block-size-worker=262144""
"
PROCESS_OUTPUT,STREAM_STDIO,63,100936,860700291464,"    ""memorysetup-bucket-allocator-granularity=16""
"
PROCESS_OUTPUT,STREAM_STDIO,63,100936,860700340977,"    ""memorysetup-bucket-allocator-bucket-count=8""
"
PROCESS_OUTPUT,STREAM_STDIO,63,100936,860700394128,"    ""memorysetup-bucket-allocator-block-size=4194304""
"
PROCESS_OUTPUT,STREAM_STDIO,63,100936,860700471472,"    ""memorysetup-bucket-allocator-block-count=1""
"
PROCESS_OUTPUT,STREAM_STDIO,63,100936,860700521393,"    ""memorysetup-main-allocator-block-size=16777216""
"
PROCESS_OUTPUT,STREAM_STDIO,63,100936,860700631325,"    ""memorysetup-thread-allocator-block-size=16777216""
"
PROCESS_OUTPUT,STREAM_STDIO,63,100936,860700687486,"    ""memorysetup-gfx-main-allocator-block-size=16777216""
"
PROCESS_OUTPUT,STREAM_STDIO,63,100936,860700762328,"    ""memorysetup-gfx-thread-allocator-block-size=16777216""
"
PROCESS_OUTPUT,STREAM_STDIO,63,100936,860700814968,"    ""memorysetup-cache-allocator-block-size=4194304""
"
PROCESS_OUTPUT,STREAM_STDIO,63,100936,860700864461,"    ""memorysetup-typetree-allocator-block-size=2097152""
"
PROCESS_OUTPUT,STREAM_STDIO,63,100936,860700932358,"    ""memorysetup-profiler-bucket-allocator-granularity=16""
"
PROCESS_OUTPUT,STREAM_STDIO,63,100936,860700985473,"    ""memorysetup-profiler-bucket-allocator-bucket-count=8""
"
PROCESS_OUTPUT,STREAM_STDIO,63,100936,860701033947,"    ""memorysetup-profiler-bucket-allocator-block-size=4194304""
"
PROCESS_OUTPUT,STREAM_STDIO,63,100936,860701104400,"    ""memorysetup-profiler-bucket-allocator-block-count=1""
"
PROCESS_OUTPUT,STREAM_STDIO,63,100936,860701153577,"    ""memorysetup-profiler-allocator-block-size=16777216""
"
PROCESS_OUTPUT,STREAM_STDIO,63,100936,860701224118,"    ""memorysetup-profiler-editor-allocator-block-size=1048576""
"
PROCESS_OUTPUT,STREAM_STDIO,63,100936,860701277997,"    ""memorysetup-temp-allocator-size-main=4194304""
"
PROCESS_OUTPUT,STREAM_STDIO,63,100936,860701326966,"    ""memorysetup-job-temp-allocator-block-size=2097152""
"
PROCESS_OUTPUT,STREAM_STDIO,63,100936,860701411046,"    ""memorysetup-job-temp-allocator-block-size-background=1048576""
"
PROCESS_OUTPUT,STREAM_STDIO,63,100936,860701466851,"    ""memorysetup-job-temp-allocator-reduction-small-platforms=262144""
"
PROCESS_OUTPUT,STREAM_STDIO,63,100936,860802822628,"Found 1 interfaces on host : 0) 
"
PROCESS_OUTPUT,STREAM_STDERR,63,100936,860803232333,"GetLocalIP: Error during connect: Network is unreachable
"
PROCESS_OUTPUT,STREAM_STDIO,63,100936,860804679335,"Multi-casting ""[IP]  [Port] 35000 [Flags] 2 [Guid] 941957456 [EditorId] 3849343275 [Version] 1048832 [Id] PS4Player(25,):4601 ["
PROCESS_OUTPUT,STREAM_STDIO,63,100936,860804747062,"Debug] 0 [PackageName] PS4Player [ProjectName] ConsoleGame"" to [225.0.0.222:54997]...
"
PROCESS_OUTPUT,STREAM_STDIO,63,100936,860804853578,"[libil2cpp] sceAppContentInitialize returned 0x80d90003
"
PROCESS_OUTPUT,STREAM_STDIO,63,100936,860804911971,"
"
PROCESS_OUTPUT,STREAM_STDIO,42,100224,860925824708,"[SceLncService] launchApp(NPXS22010)
"
PROCESS_OUTPUT,STREAM_STDIO,42,100224,860926516415,"[SceLncService] category={gdg} VRMode={0,0}
"
PROCESS_OUTPUT,STREAM_STDIO,42,100224,860926782362,"[SceLncService] hnm,psnf,pc,tk,ns={1,0,1,0,0} appBootMode={-1}
"
PROCESS_OUTPUT,STREAM_STDIO,42,100224,860927047754,"[SceLncService] appType={SCE_LNC_APP_TYPE_CDLG} [] appVer={00.00}
"
PROCESS_OUTPUT,STREAM_STDIO,42,100224,860927290529,"[SceLncService] Num. of logged-in users is 1
"
PROCESS_OUTPUT,STREAM_STDIO,42,100224,860927487978,"[SceLncService] PrepareProcessLaunchDebuggerCheck()
"
PROCESS_OUTPUT,STREAM_STDIO,42,100224,860927858911,"[SceLncService] PrepareProcessLaunchDebuggerCheck() returned
"
PROCESS_OUTPUT,STREAM_STDIO,42,100224,860929613566,"[SceLncService] PrepareProcessLaunchDebugger()
"
PROCESS_OUTPUT,STREAM_STDIO,42,100224,860931565445,"[SceLncService] PrepareProcessLaunchDebugger() returned
"
PROCESS_OUTPUT,STREAM_STDIO,42,100224,861024902792,"[SceLncService] spawnApp
"
PROCESS_OUTPUT,STREAM_STDIO,39,100155,861025115376,"[Syscore App] createApp NPXS22010
"
PROCESS_OUTPUT,STREAM_STDIO,39,100155,861025260422,"[Syscore App] processSpawn(pid, 0x60000d0b, 0x10d0b110, appParam, processParam, 0, 0, 1, param, debug, 0)
"
PROCESS_OUTPUT,STREAM_STDIO,39,100155,861025362423,"[Syscore App] appParam: appType = 0x6, rootPath = /mnt/sandbox/NPXS22010_000, titleId = NPXS22010
"
PROCESS_OUTPUT,STREAM_STDIO,39,100155,861025454114,"[Syscore App] processParam: elfPath = /app0/eboot.bin, fullPath = /system/vsh/app/NPXS22010/eboot.bin
"
PROCESS_OUTPUT,STREAM_STDIO,39,100155,861044460341,"[Syscore App] new pid=0x40[Syscore App] attributeExe= 0
"
PROCESS_OUTPUT,STREAM_STDIO,39,100155,861045061073,"[Syscore App] Ready to exec
"
PROCESS_OUTPUT,STREAM_STDIO,39,100155,861045136627,"[Syscore App] wait for NOTE_EXIT|NOTE_EXEC
"
PROCESS_OUTPUT,STREAM_STDIO,39,100155,861097602441,"[Syscore App] Add event : pid=0x40
"
PROCESS_OUTPUT,STREAM_STDIO,39,100155,861097951321,"[AppMgr Trace]: New Process, pid=0x40, created.
"
PROCESS_OUTPUT,STREAM_STDIO,39,100155,861098166935,"[AppMgr Trace]: New App, appId=0x60000d0b, created
"
PROCESS_OUTPUT,STREAM_STDIO,39,100155,861098449430,"[Syscore App]  ExpandCpuSetMode : disable
"
CP_KERNEL_OUTPUT,STREAM_SYSCON,0,0,540230177,"[avs] no need to change 3,0,861134965444
"
PROCESS_OUTPUT,STREAM_STDIO,39,100135,861147649020,"[mbus] onNewClient. clientNum 10 over 8
"
PROCESS_OUTPUT,STREAM_STDIO,63,100936,861187506621,"New input system (experimental) initialized
"
PROCESS_OUTPUT,STREAM_STDIO,63,100936,861223947560,"[Subsystems] Discovering subsystems at path /app0/Media/UnitySubsystems
"
PROCESS_OUTPUT,STREAM_STDIO,63,100936,861225614990,"GfxDevice: creating device client; threaded=1; jobified=1
"
PROCESS_OUTPUT,STREAM_STDIO,63,100936,861227204420,"GfxDevice...
"
PROCESS_OUTPUT,STREAM_STDIO,63,100936,861228474305,"    Vendor:   SCE
"
PROCESS_OUTPUT,STREAM_STDIO,63,100936,861229651464,"    Version:  0x10508001
"
PROCESS_OUTPUT,STREAM_STDIO,63,100936,861230897512,"    Renderer: Gnm, native gfx jobs
"
PROCESS_OUTPUT,STREAM_STDIO,63,100936,861232159103,"    Garlic memory: 2560MiB
"
PROCESS_OUTPUT,STREAM_STDIO,63,100936,861239328918,"Initialize engine version: 2022.3.4f1 (35713cd46cd7)
"
PROCESS_OUTPUT,STREAM_STDIO,44,100493,861328103047,"D/99301:AudioOut:
sceAudioOutGetPortState() is called.
R4162 Test is required.
"
PROCESS_OUTPUT,STREAM_STDIO,63,100936,861589550832,"Profiler enabled
"
PROCESS_OUTPUT,STREAM_STDIO,44,100617,861595782116,"#PROFILE CACHE#: \profile_cache_server_event.cpp(38) : onNewClient : 
"
PROCESS_OUTPUT,STREAM_STDIO,64,100996,861598827314,"[PSM] PsmFramework::Initialize
"
PROCESS_OUTPUT,STREAM_STDIO,64,100996,861598899175,"PSM:53fb90d8e3aa1a694ccf0e05225d2a64860f0c1c
"
PROCESS_OUTPUT,STREAM_STDIO,64,100996,861599111647,"MonoVM:85d0c67fcc94e2add1cf06639fe62290f2a47522
"
PROCESS_OUTPUT,STREAM_STDIO,64,100996,861599181732,"BootParam :1   
"
PROCESS_OUTPUT,STREAM_STDIO,64,100996,861599502554,"[PSM] set assembly path for mono
"
PROCESS_OUTPUT,STREAM_STDIO,64,100996,861599562178,"[PSM] Loading Json
"
PROCESS_OUTPUT,STREAM_STDIO,64,100996,861608438205,"[PSM] Loading PsmUtil
"
PROCESS_OUTPUT,STREAM_STDIO,64,100996,861628257753,"[PSM] Loading Mono: libmono-btls-shared
"
PROCESS_OUTPUT,STREAM_STDIO,64,100996,861643774345,"[PSM] Loading Mono: libmonosgen-2.0
"
PROCESS_OUTPUT,STREAM_STDIO,64,100996,861662814786,"[PSM] LoadModulesInBG 0 msec
"
PROCESS_OUTPUT,STREAM_STDIO,64,101036,861662901505,"[PSM] Loading SysCore
"
PROCESS_OUTPUT,STREAM_STDIO,64,101036,861672070470,"[PSM] Loading libSceDipsw
"
PROCESS_OUTPUT,STREAM_STDIO,64,101036,861681072122,"[PSM] Loading SystemService
"
PROCESS_OUTPUT,STREAM_STDIO,64,101036,861681506163,"[PSM] Loading AudioOut
"
PROCESS_OUTPUT,STREAM_STDIO,64,101036,861681777483,"[PSM] Loading Camera
"
PROCESS_OUTPUT,STREAM_STDIO,64,100996,861682072776,"[PSM] ScePsmMonoSgenSetThreadType() thread_type = ::ORBIS
"
PROCESS_OUTPUT,STREAM_STDIO,64,100996,861682318856,"[PSM] debugger off
"
PROCESS_OUTPUT,STREAM_STDIO,64,100996,861682730923,"[PSM] AOT mode
"
PROCESS_OUTPUT,STREAM_STDIO,64,100996,861682790746,"[PSM] AOT mode
"
PROCESS_OUTPUT,STREAM_STDIO,64,101036,861691265529,"[PSM] Loading VideoCoreServerInterface
"
PROCESS_OUTPUT,STREAM_STDIO,64,101036,861701854916,"[PSM] Loading Audiodec
"
PROCESS_OUTPUT,STREAM_STDIO,49,100831,861702829580,"[VCS]onNewClient() [APP->VCS] clientPid = 0x40, applicationId = 0x60000d0b, sprxType = 0.
"
PROCESS_OUTPUT,STREAM_STDIO,64,100996,861768200414,"mount ---
"
PROCESS_OUTPUT,STREAM_STDIO,64,100996,861769924814,"Failed to create filesystem from /app0/psm/Temp
"
PROCESS_OUTPUT,STREAM_STDIO,64,100996,861771500912,"Failed to create filesystem from /app0/psm/Documents
"
PROCESS_OUTPUT,STREAM_STDIO,64,100996,861771739010,"Failed to create filesystem from /app0/psm/System
"
PROCESS_OUTPUT,STREAM_STDIO,64,100996,861825579721,"[PSM Mem] Allocated 12582912 bytes for Resource Heap
"
PROCESS_OUTPUT,STREAM_STDIO,64,100996,861826314946,"Initializing PSM Graphics for PGraphics
"
PROCESS_OUTPUT,STREAM_STDIO,39,100135,861834324487,"[mbus] onNewClient. clientNum 11 over 8
"
PROCESS_OUTPUT,STREAM_STDIO,64,100996,861835141334,"[AudioOut] sceAudioOutOpen() with restricted flag:pid=0x40 ch=7
"
PROCESS_OUTPUT,STREAM_STDIO,64,100996,861836640138,"[AudioOut] sceAudioOutOpen() with restricted flag:pid=0x40 ch=8
"
PROCESS_OUTPUT,STREAM_STDIO,64,101043,861841371617,"ScePsP[TID:0x18ab3]: Open Pad [0x000000000002030e, 16, 0]: ret=0x03020600
"
PROCESS_OUTPUT,STREAM_STDIO,64,101043,861841457545,"ScePsP[TID:0x18ab3]: ConnectedDeviceStatus: count=1
"
PROCESS_OUTPUT,STREAM_STDIO,64,101043,861841549170,"  [c][DeviceId          ][UserId    ][Model     ]
"
PROCESS_OUTPUT,STREAM_STDIO,64,101043,861841602067,"  [ ][0xffffffffffffffff][0xffffffff][none      ]
"
PROCESS_OUTPUT,STREAM_STDIO,64,101043,861841776524,"  [ ][0xffffffffffffffff][0xffffffff][none      ]
"
PROCESS_OUTPUT,STREAM_STDIO,64,101043,861841864614,"  [ ][0xffffffffffffffff][0xffffffff][none      ]
"
PROCESS_OUTPUT,STREAM_STDIO,64,101043,861842027470,"  [ ][0xffffffffffffffff][0xffffffff][none      ]
"
PROCESS_OUTPUT,STREAM_STDIO,64,100996,861861223450,"[ScePsmUtil] sceImeClientInitialize 
"
PROCESS_OUTPUT,STREAM_STDIO,64,100996,861861793020,"[ScePsmUtil] sce::tts::InitializeCsharp() 
"
PROCESS_OUTPUT,STREAM_STDIO,64,100996,861862128857,"[ScePsmUtil] sce::pss::orbis::video::InitializeCsharp() 
"
PROCESS_OUTPUT,STREAM_STDIO,64,100996,861862352429,"[PSM] PsmFramework::Initailize() 164 msec. elapsed
"
PROCESS_OUTPUT,STREAM_STDIO,64,100996,861874280559,"Register libGlsSharedMediaNativaCall PInvokes
"
PROCESS_OUTPUT,STREAM_STDIO,63,100936,862959133714,"UnloadTime: 0.962918 ms
"
PROCESS_OUTPUT,STREAM_STDIO,44,100493,863000281088,"[SceShellUI] I/PSM.UI : OnFocusActiveSceneChanged [SplashScreen : SplashScreenScene] -> [AppScreen : ApplicationScreenScene]
"
PROCESS_OUTPUT,STREAM_STDIO,44,100493,863000612665,"[SceShellUI] I/PSM.UI :      Scene [AppScreen : ApplicationScreenScene] : Alive
"
PROCESS_OUTPUT,STREAM_STDIO,44,100493,863001922721,"SetDeviceIndexBehavior: mode=MergeAllConnectedDevice, param=null
"
PROCESS_OUTPUT,STREAM_STDIO,44,100493,863003813324,"[Theme/I] : Apply [ANONYMOUS] : [Option:101000]: with not preloaded user
"
PROCESS_OUTPUT,STREAM_STDIO,64,100996,863514117469,"[SceCdlgApp] I/PSM.UI : UISystem timer started!! 00:00:00.0000596
"
PROCESS_OUTPUT,STREAM_STDIO,64,100996,863535363049,"[SceCdlgApp] I/PSM.UI : UI RenderingSettings Resolution: Pixels2K[1920,1080]
"
PROCESS_OUTPUT,STREAM_STDIO,64,100996,863537114438,"[SceCdlgApp] I/PSM.UI : OnAccessibilitySettingsChanged
"
PROCESS_OUTPUT,STREAM_STDIO,64,100996,863574370795,"[SceCdlgApp] I/PSM.UI : TimerLog: diff [34.26]msec / process time [1585]msec / GC[0] :  [UIInitialize] UISystem.InitializeTopMo"
PROCESS_OUTPUT,STREAM_STDIO,64,100996,863574494965,"st
"
PROCESS_OUTPUT,STREAM_STDIO,64,100996,863678324401,"[VPA] PAllocatorInitialize system(addr=1302a00000, size=4194304) video=(addr=1396c00000, size=41943040)
"
PROCESS_OUTPUT,STREAM_STDIO,64,100996,863678808874,"[PGraphics] Create PGraphicsDevice v[1396c00000 - 1399400000] s[1302a00000 - 1302e00000]
"
PROCESS_OUTPUT,STREAM_STDIO,64,100996,863680775653,"[PGraphics] Allocated compositor index 0
"
PROCESS_OUTPUT,STREAM_STDIO,64,100996,863681193941,"Initialized PGraphicsDevice 881207920
"
PROCESS_OUTPUT,STREAM_STDIO,64,100996,863708238996,"[SceCdlgApp] I/PSM.UI : TimerLog: diff [52.04]msec / process time [1671]msec / GC[0] : => [UIInitialize] UISystem.InitializeGra"
PROCESS_OUTPUT,STREAM_STDIO,64,100996,863708349331,"phics: 
"
PROCESS_OUTPUT,STREAM_STDIO,64,100996,863790242497,"[SceCdlgApp] I/PSM.UI : Allocating Emojis at Initialize...
"
PROCESS_OUTPUT,STREAM_STDIO,64,100996,863796632754,"[SceCdlgApp] I/PSM.UI : Allocating ShellUI Emojis...
"
PROCESS_OUTPUT,STREAM_STDIO,64,100996,863801472816,"[SceCdlgApp] I/PSM.UI : Allocating Unicode Emojis from PNG...
"
PROCESS_OUTPUT,STREAM_STDIO,64,100996,863805541910,"[SceCdlgApp] I/PSM.UI : Allocating Unicode Emojis from Atlas...
"
PROCESS_OUTPUT,STREAM_STDIO,64,100996,863808710426,"[SceCdlgApp] I/PSM.UI : TimerLog: diff [48.24]msec / process time [1733]msec / GC[0] : => [UIInitialize] UISystem.PreloadSystem"
PROCESS_OUTPUT,STREAM_STDIO,64,100996,863808796818,"Texture
"
PROCESS_OUTPUT,STREAM_STDIO,64,100996,863812490394,"[SceCdlgApp] I/PSM.UI : SystemSound::Initialize() 
"
PROCESS_OUTPUT,STREAM_STDIO,64,100996,863818839320,"[SceCdlgApp] I/PSM.UI : VideoOutMode   : IsSystemDefault=True, IsVr=False
"
PROCESS_OUTPUT,STREAM_STDIO,64,100996,863819561980,"[SceCdlgApp] I/PSM.UI : VideoOutStatus : [3840 2160] : freq 59.94
"
PROCESS_OUTPUT,STREAM_STDIO,64,100996,863823263814,"[SceCdlgApp] I/PSM.UI : TimerLog: diff [144.04]msec / process time [1743]msec / GC[0] :  [UIInitialize] UISystem.InitializeBefo"
PROCESS_OUTPUT,STREAM_STDIO,64,100996,863823436114,"reRendering
"
PROCESS_OUTPUT,STREAM_STDIO,64,100996,863884748111,"[SceCdlgApp] W/PSM.UI : **** WARNING: Shown called without Alive status : TransitionScene
"
PROCESS_OUTPUT,STREAM_STDIO,64,100996,863922820481,"[SceCdlgApp] I/PSM.UI : SoundScriptManager initialized 
"
PROCESS_OUTPUT,STREAM_STDIO,64,100996,864071356821,"[SceCdlgApp] W/PSM.UI : ** NOTICE: LoadSync : BlankScene : Scene
"
PROCESS_OUTPUT,STREAM_STDIO,64,100996,864075712764,"[SceCdlgApp] W/PSM.UI : ** NOTICE: LoadSync : TransitionScene : TransitionScene
"
PROCESS_OUTPUT,STREAM_STDIO,64,100996,864174460013,"[SceCdlgApp] W/PSM.UI : Invalid widget type! _Count
"
PROCESS_OUTPUT,STREAM_STDIO,64,100996,864185680156,"[SceCdlgApp] W/PSM.UI : ** NOTICE: LoadSync : Sce.Cdlg.Framework.Plugin : Plugin
"
PROCESS_OUTPUT,STREAM_STDIO,64,100996,864186063958,"[SceCdlgApp] W/PSM.UI : !!!! WARNING !!!! /Application/resource/Sce.Cdlg.Framework.rco is loaded in main thread.
"
PROCESS_OUTPUT,STREAM_STDIO,64,100996,864234217261,"GetLocaleElement() failed in SetLocale
"
PROCESS_OUTPUT,STREAM_STDIO,64,100996,864235633199,"[SceCdlgApp] W/PSM.UI : cxml://CdlgFrameworkPlugin/tex_cdlg_bg is going to be loaded on main thread.
"
PROCESS_OUTPUT,STREAM_STDIO,64,100996,864236746105,"[SceCdlgApp] W/PSM.UI : !!!! WARNING !!!! cxml://CdlgFrameworkPlugin/tex_cdlg_bg is loaded in main thread.
"
PROCESS_OUTPUT,STREAM_STDIO,64,100996,864237836553,"[SceCdlgApp] W/PSM.UI : !!!! WARNING !!!! cxml://CdlgFrameworkPlugin/layout_cdlg_root is loaded in main thread.
"
PROCESS_OUTPUT,STREAM_STDIO,64,100996,864255696426,"[SceCdlgApp] W/PSM.UI : !!!! WARNING !!!! cxml://CdlgFrameworkPlugin/layout_cdlg_bg is loaded in main thread.
"
PROCESS_OUTPUT,STREAM_STDIO,64,100996,864272225606,"[SceCdlgApp] W/PSM.UI : WARNING : Scene LayoutBuild : [8.84msec/1widgets] : Sce.Cdlg.Framework.Plugin : Plugin
"
PROCESS_OUTPUT,STREAM_STDIO,64,100996,864342798997,"[SceCdlgApp] I/PSM.UI : SceneQ : Loaded[0.53msec] Layout[0.00msec/0widgets] : Noname : ContainerScene
"
PROCESS_OUTPUT,STREAM_STDIO,64,100996,864350954645,"[SceCdlg] setSuspend
"
PROCESS_OUTPUT,STREAM_STDIO,42,100215,864467537128,"[SceLncService] suspendApp() appId={0x60000d0b}, causeCode={0x0000000d}
"
PROCESS_OUTPUT,STREAM_STDIO,42,101063,864468582628,"[SceLncService] lockSuspendBlock(0x60000d0b)
"
PROCESS_OUTPUT,STREAM_STDIO,42,101063,864468655024,"[SceLncService] lockSuspendBlock: appId={0x60000d0b}
"
PROCESS_OUTPUT,STREAM_STDIO,42,101064,864468799978,"[SceLncService] sceApplicationSuspend(0x60000d0b)
"
PROCESS_OUTPUT,STREAM_STDIO,39,100153,864469174146,"[Syscore App] Suspend App : 0x60000d0b NPXS22010
"
PROCESS_OUTPUT,STREAM_STDIO,39,100153,864469254818,"[Syscore App] Suspend process : 0x40
"
PROCESS_OUTPUT,STREAM_STDIO,39,100153,864510971657,"[Syscore App] Suspend process : 0x40 => 0
"
PROCESS_OUTPUT,STREAM_STDIO,39,100153,864514263524,"[AppMgr Trace]: AppId=0x60000d0b suspended
"
PROCESS_OUTPUT,STREAM_STDIO,39,100153,864514538678,"[Syscore App] Suspend App : 0x60000d0b NPXS22010 => SCE_OK
"
PROCESS_OUTPUT,STREAM_STDIO,39,100153,864514797802,"[Syscore App]  ExpandCpuSetMode : disable
"
PROCESS_OUTPUT,STREAM_STDIO,42,101064,864515255385,"[SceLncService] sceApplicationSuspend(0x60000d0b) returned
"
PROCESS_OUTPUT,STREAM_STDIO,42,100212,864519039967,"MSG AutoMounter(int32_t AppIdManager::getPidWithIndex(SceApplicationId, int, pid_t *) 174):
"
PROCESS_OUTPUT,STREAM_STDIO,42,100212,864519160600,"	appId(0x60000d0b) with index(0) is not registered.
"
PROCESS_OUTPUT,STREAM_STDIO,42,100212,864519213551,"MSG AutoMounter(int32_t AutoMount::UsbMass::fakeEjection(SceApplicationId) 716):
"
PROCESS_OUTPUT,STREAM_STDIO,42,100212,864519265276,"	getPidWithIndex(0x60000d0b, 0) returned 0x80f40002.
"
PROCESS_OUTPUT,STREAM_STDIO,42,100215,864519432339,"[SceLncService] unlockSuspendBlock: appId={0x60000d0b}
"
PROCESS_OUTPUT,STREAM_STDIO,49,100826,864524966506,"[VCS]checkApplicationStatus() [LNC->VCS] App was Suspended. appId = 0x60000d0b.
"
PROCESS_OUTPUT,STREAM_STDIO,44,100493,865289438844,"[SceShellUI] I/PSM.UI : [NoDraw] : ClearFrameBuffer=False
"
PROCESS_OUTPUT,STREAM_STDIO,44,100493,865898622510,"[SceShellUI] I/PSM.UI : [FirstClear] : ClearFrameBuffer=False
"
PROCESS_OUTPUT,STREAM_STDIO,63,100936,870978856538,"fps 60.111 (16.636 ms), objects: 2484, coroutines: 1
"
PROCESS_OUTPUT,STREAM_STDIO,44,100493,875260842193,"[SceShellUI] I/PSM.UI : [NoDraw] : ClearFrameBuffer=False
"
PROCESS_OUTPUT,STREAM_STDIO,63,100936,878957220138,"fps 59.938 (16.684 ms), objects: 2484, coroutines: 1
"
PROCESS_OUTPUT,STREAM_STDIO,63,100936,886934078212,"fps 59.950 (16.681 ms), objects: 2484, coroutines: 1
"
PROCESS_OUTPUT,STREAM_STDIO,63,100936,894912766135,"fps 59.936 (16.685 ms), objects: 2484, coroutines: 1
"
PROCESS_OUTPUT,STREAM_STDIO,42,100196,899569757493,"[SceShellCore] VM Stats: RSS 710.8, kernel 269.1, wire count 375.6, swap out 0.0, page table CPU 2199/6144 GPU 321/4096
"
PROCESS_OUTPUT,STREAM_STDIO,42,100196,899569879625,"[SceShellCore] FMEM   1.3/   4.5 NPXS20977 SceSysAvControl.elf
"
PROCESS_OUTPUT,STREAM_STDIO,42,100196,899569933260,"[SceShellCore] FMEM  11.0/  82.3 NPXS20991 SceSysCore.elf
"
PROCESS_OUTPUT,STREAM_STDIO,42,100196,899569987058,"[SceShellCore] FMEM  10.0/  55.9 NPXS20973 orbis_audiod.elf
"
PROCESS_OUTPUT,STREAM_STDIO,42,100196,899570071045,"[SceShellCore] FMEM   3.4/  11.2 NPXS20976 GnmCompositor.elf
"
PROCESS_OUTPUT,STREAM_STDIO,42,100196,899570216174,"[SceShellCore] FMEM  39.7/ 324.8 NPXS20000 SceShellCore
"
PROCESS_OUTPUT,STREAM_STDIO,42,100196,899570274627,"[SceShellCore] FMEM  19.9/ 193.6 decid.elf
"
PROCESS_OUTPUT,STREAM_STDIO,42,100196,899570326377,"[SceShellCore] FMEM 353.8/ 843.8 NPXS20001 SceShellUI
"
PROCESS_OUTPUT,STREAM_STDIO,42,100196,899570428340,"[SceShellCore] FMEM   7.6/  12.9 NPXS21003 SceAvCapture
"
PROCESS_OUTPUT,STREAM_STDIO,42,100196,899570481801,"[SceShellCore] FMEM   9.3/  32.4 NPXS21000 SceGameLiveStreaming
"
PROCESS_OUTPUT,STREAM_STDIO,42,100196,899570581707,"[SceShellCore] FMEM  23.3/ 265.8 NPXS20001 SecureUIProcess.self
"
PROCESS_OUTPUT,STREAM_STDIO,42,100196,899570635569,"[SceShellCore] FMEM  14.9/  49.6 NPXS21002 ScePartyDaemon
"
PROCESS_OUTPUT,STREAM_STDIO,42,100196,899570700224,"[SceShellCore] FMEM   4.5/  25.4 NPXS21004 SceVideoCoreServer
"
PROCESS_OUTPUT,STREAM_STDIO,42,100196,899570788470,"[SceShellCore] FMEM  13.0/  49.2 NPXS21006 SceRemotePlay
"
PROCESS_OUTPUT,STREAM_STDIO,42,100196,899570892590,"[SceShellCore] FMEM   7.3/  18.1 NPXS21019 SceSocialScreenMgr
"
PROCESS_OUTPUT,STREAM_STDIO,42,100196,899570989935,"[SceShellCore] FMEM   9.1/ 156.1 NPXS21002 webrtc_daemon.self
"
PROCESS_OUTPUT,STREAM_STDIO,42,100196,899571097913,"[SceShellCore] FMEM   5.4/   9.8 NPXS21007 SceMusicCoreServer
"
PROCESS_OUTPUT,STREAM_STDIO,42,100196,899571205158,"[SceShellCore] FMEM   7.5/  14.3 NPXS21020 SceVoiceAndAgent
"
PROCESS_OUTPUT,STREAM_STDIO,42,100196,899571300515,"[SceShellCore] FMEM   2.3/   5.1 NPXS20967 fs_cleaner.elf
"
PROCESS_OUTPUT,STREAM_STDIO,42,100196,899571440607,"[SceShellCore] FMEM   2.3/  10.2 NPXS20974 SceVdecProxy.elf
"
PROCESS_OUTPUT,STREAM_STDIO,42,100196,899571540236,"[SceShellCore] FMEM   2.2/  10.3 NPXS20975 SceVencProxy.elf
"
PROCESS_OUTPUT,STREAM_STDIO,42,100196,899571682435,"[SceShellCore] FMEM  31.7/ 526.0 NPXS20001 SecureWebProcess.self
"
PROCESS_OUTPUT,STREAM_STDIO,42,100196,899571925740,"[SceShellCore] FMEM  10.7/ 358.8 NPXS20001 orbis-jsc-compiler.self
"
PROCESS_OUTPUT,STREAM_STDIO,42,100196,899572150655,"[SceShellCore] FMEM 120.6/ 213.8 NPXS22010 SceCdlgApp
"
PROCESS_OUTPUT,STREAM_STDIO,63,100936,902890964342,"fps 59.940 (16.683 ms), objects: 2484, coroutines: 1
"
PROCESS_OUTPUT,STREAM_STDIO,42,100158,906281093211,"[SceShellCore] Libc Heap Status: free 42%, in-use 3541.5 KB, trend +77.8 KB/min, peak 3949.4 KB, when 554 [sec]
"
PROCESS_OUTPUT,STREAM_STDIO,63,100936,910868979996,"fps 59.941 (16.683 ms), objects: 2484, coroutines: 1
"
CP_KERNEL_OUTPUT,STREAM_SYSCON,0,0,572654571,"[avs] no need to change 3,1,912820869238
"
PROCESS_OUTPUT,STREAM_STDIO,44,100730,912833696052,"#LOGIN MGR# Receive Event : SCE_MBUS_EVENT_VIDEO_OUT_EVENT eventType=0x0
"
PROCESS_OUTPUT,STREAM_STDIO,44,100730,918487747185,"#LOGIN MGR# Receive Event : SCE_MBUS_EVENT_VIDEO_OUT_EVENT eventType=0x0
"
CP_KERNEL_OUTPUT,STREAM_SYSCON,0,0,576204796,"[avs] no need to change 3,2,918479935791
"
PROCESS_OUTPUT,STREAM_STDIO,63,100936,918845857958,"fps 59.950 (16.681 ms), objects: 2484, coroutines: 1
"
PROCESS_OUTPUT,STREAM_STDIO,42,100158,920628569483,"[SceShellCore] Remote Play will start soon.
"
PROCESS_OUTPUT,STREAM_STDIO,42,100158,920628710429,"[SceSystemStateMgr] Power Mode Change: FULL_GAME
"
PROCESS_OUTPUT,STREAM_STDIO,42,100158,920632648984,"[SceSystemStateMgr] CPU  HLT CP SE CU ACLK DCLK ECLK LCLK SCLK SAMCLK VCLK DispCLK NCLK MemCLK MemP GMC DPM VDD      VDDNB    S"
PROCESS_OUTPUT,STREAM_STDIO,42,100158,920632715238,"OC      
"
PROCESS_OUTPUT,STREAM_STDIO,42,100158,920632950861,"[SceSystemStateMgr] 2100   0 GL  4 36  800  853  711  800  911    800  984     673 1700   1700   GL  GL   3 050/1037 043/1081 0"
PROCESS_OUTPUT,STREAM_STDIO,42,100158,920633064600,"0740f12
"
PROCESS_OUTPUT,STREAM_STDIO,63,100936,926824745214,"fps 59.934 (16.685 ms), objects: 2484, coroutines: 1
"
PROCESS_OUTPUT,STREAM_STDIO,44,100493,930335969100,"[SceShellUI] I/PSM.UI : [FirstClear] : ClearFrameBuffer=False
"
PROCESS_OUTPUT,STREAM_STDIO,39,100136,930794766223,"* registerDevice:L1621 not found sub device id.
"
PROCESS_OUTPUT,STREAM_STDIO,44,100549,930816010511,"ScePsP[TID:0x188c5]: sceMbusEvent has been received. (eventId=1 ADD, deviceId=0x3030d)
"
PROCESS_OUTPUT,STREAM_STDIO,44,100549,930816940062,"ScePsP[TID:0x188c5]: Open Pad [0x000000000003030d, 0, 0]: ret=0x030d0301
"
PROCESS_OUTPUT,STREAM_STDIO,44,100549,930817187237,"ScePsP[TID:0x188c5]: ConnectedDeviceStatus: count=2
"
PROCESS_OUTPUT,STREAM_STDIO,44,100549,930817292962,"  [c][DeviceId          ][UserId    ][Model     ]
"
PROCESS_OUTPUT,STREAM_STDIO,44,100549,930817507838,"  [o][0x000000000003030d][0xffffffff][DUALSHOCK4]
"
PROCESS_OUTPUT,STREAM_STDIO,44,100549,930817711937,"  [ ][0xffffffffffffffff][0xffffffff][none      ]
"
PROCESS_OUTPUT,STREAM_STDIO,44,100549,930817917869,"  [ ][0xffffffffffffffff][0xffffffff][none      ]
"
PROCESS_OUTPUT,STREAM_STDIO,44,100549,930818186744,"  [ ][0xffffffffffffffff][0xffffffff][none      ]
"
PROCESS_OUTPUT,STREAM_STDIO,44,100730,930818957444,"#LOGIN MGR# Receive Event : SCE_MBUS_EVENT_DEVICE_ADDED [DeviceId:0x3030d][type:1][subType:2]
"
PROCESS_OUTPUT,STREAM_STDIO,44,100730,930819421522,"D/125878 X
"
PROCESS_OUTPUT,STREAM_STDIO,44,100730,930819484062,"#LOGIN MGR# SetDisableVibration( 0x000000000003030d, 1 )
"
PROCESS_OUTPUT,STREAM_STDIO,44,100730,930819553480,"#LOGIN MGR# sceSystemStateMgrSendCecOneTouchPlayCommand : 0(0x00000000)
"
PROCESS_OUTPUT,STREAM_STDIO,44,100730,930819626014,"#LOGIN MGR# isIduMode = 0
"
PROCESS_OUTPUT,STREAM_STDIO,44,100730,930820119023,"#LOGIN MGR# getControllerNum() : 1
"
PROCESS_OUTPUT,STREAM_STDIO,44,100730,930820181775,"#LOGIN MGR# [RunBusTransitionNewDevice] ret : -2135556047 / deviceUniqueId : 0x400000000003030d
"
PROCESS_OUTPUT,STREAM_STDIO,44,100730,930820280358,"DeviceManager::DeviceAutoAssignForDebug()
"
PROCESS_OUTPUT,STREAM_STDIO,44,100730,930820487786,"[AutoAsign] DeviceId    : 0x3030d
"
PROCESS_OUTPUT,STREAM_STDIO,44,100730,930820544147,"[AutoAsign] Type        : 1
"
PROCESS_OUTPUT,STREAM_STDIO,44,100730,930820598672,"[AutoAsign] Subtype     : 2
"
PROCESS_OUTPUT,STREAM_STDIO,44,100730,930820676290,"[AutoAsign] DeviceType2 : 0x00000000
"
PROCESS_OUTPUT,STREAM_STDIO,44,100730,930820785754,"#LOGIN MGR# [Assign] DeviceId:0x000000000003030d / UserId:0x107182a4
"
PROCESS_OUTPUT,STREAM_STDIO,44,100730,930822260217,"#LOGIN MGR# [Controller::onHoldDevice] userId = 0x107182a4 / holdAudioOutDeivice : 0
"
PROCESS_OUTPUT,STREAM_STDIO,44,100730,930822440990,"#LOGIN MGR# [AudioDeviceStateChange] updState : 0 / functionType : 1 / scrachData : 128
"
PROCESS_OUTPUT,STREAM_STDIO,44,100730,930822540181,"#LOGIN MGR# [AudioDeviceStateChange] function : 0 / isEnabled : 0 / realState : 0
"
PROCESS_OUTPUT,STREAM_STDIO,44,100730,930822770616,"#LOGIN MGR# [AudioDeviceStateChange] updState : 0 / functionType : 2 / scrachData : 64
"
PROCESS_OUTPUT,STREAM_STDIO,44,100730,930822977854,"#LOGIN MGR# [AudioDeviceStateChange] function : 0 / isEnabled : 175 / realState : -391139409
"
PROCESS_OUTPUT,STREAM_STDIO,39,100135,930823596171,"@ connectDeviceByFunction:L1258
"
PROCESS_OUTPUT,STREAM_STDIO,39,100135,930823923000,"@ checkAudioOutHandleStatus:L2487
"
PROCESS_OUTPUT,STREAM_STDIO,44,100730,930824278023,"#LOGIN MGR# sceMbusBindDeviceWithUserId( 0x000000000003030d, 0x107182a4 ) : 0(0x00000000)
"
PROCESS_OUTPUT,STREAM_STDIO,44,100730,930826949025,"#LOGIN MGR# SetDisableVibration( 0x000000000003030d, 0 )
"
PROCESS_OUTPUT,STREAM_STDIO,44,100730,930829217185,"#LOGIN MGR# EnablePadKeyRemapping start( 1, 0x3030d, 0x107182a4, 1 )
"
PROCESS_OUTPUT,STREAM_STDIO,44,100730,930829332307,"#LOGIN MGR# IsKeyRemapEnable start( 0x107182a4 )
"
PROCESS_OUTPUT,STREAM_STDIO,44,100730,930829470554,"#LOGIN MGR# IsKeyRemapEnable end( 0x107182a4 ) -> 1 
"
PROCESS_OUTPUT,STREAM_STDIO,44,100730,930829569389,"#LOGIN MGR# : \mbus_if.cpp(2657) : EnablePadKeyRemap : ERROR : scePadSetButtonRemappingInfo() failed. -2143617010(0x803b000e)
"
PROCESS_OUTPUT,STREAM_STDIO,44,100730,930829663426,"#LOGIN MGR# EnablePadKeyRemapping end( 1, 0x3030d, 0x107182a4, 1 ) -> -2143617010(0x803b000e)
"
PROCESS_OUTPUT,STREAM_STDIO,44,100730,930829911233,"#LOGIN MGR# : \login_mgr.cpp(478) : NotifyDeviceAdd : OnDeviceAdded event send.
"
PROCESS_OUTPUT,STREAM_STDIO,44,100730,930830503754,"Event OnControllerActivated isAutoAssignComplete:1, m_systemState:1000, isSendEvent:1
"
PROCESS_OUTPUT,STREAM_STDIO,44,100730,930830789937,"#LOGIN MGR# [DeviceQueueMgr::Dequeue(new)] deviceId : 0x000000000003030d / isForce : 0 / isDeviceRemoved : 0
"
PROCESS_OUTPUT,STREAM_STDIO,44,100549,930844802147,"ScePsP[TID:0x188c5]: sceMbusEvent has been received. (eventId=16 OWNERCHG, deviceId=0x3030d)
"
PROCESS_OUTPUT,STREAM_STDIO,44,100493,930845822530,"[LoginMgr] OnLoginMgrDequeueEvent
"
PROCESS_OUTPUT,STREAM_STDIO,44,100549,930846556475,"ScePsP[TID:0x188c5]: ConnectedDeviceStatus: count=2
"
PROCESS_OUTPUT,STREAM_STDIO,44,100549,930846635881,"  [c][DeviceId          ][UserId    ][Model     ]
"
PROCESS_OUTPUT,STREAM_STDIO,44,100549,930846688337,"  [o][0x000000000003030d][0x107182a4][DUALSHOCK4]
"
PROCESS_OUTPUT,STREAM_STDIO,44,100549,930846739730,"  [ ][0xffffffffffffffff][0xffffffff][none      ]
"
PROCESS_OUTPUT,STREAM_STDIO,44,100549,930846812845,"  [ ][0xffffffffffffffff][0xffffffff][none      ]
"
PROCESS_OUTPUT,STREAM_STDIO,44,100549,930846868696,"  [ ][0xffffffffffffffff][0xffffffff][none      ]
"
PROCESS_OUTPUT,STREAM_STDIO,44,100493,930849220033,"[LoginMgr:EventQueue] Dequeue - param : {""EventType"":3,""deviceId"":197389,""isDeviceRemoved"":false,""isForce"":false}
"
PROCESS_OUTPUT,STREAM_STDIO,44,100730,930861913237,"#LOGIN MGR# [IsNeedControllerLightCalibration] isNeed : 0 / type : 0
"
PROCESS_OUTPUT,STREAM_STDIO,44,100730,930863260729,"#LOGIN MGR# Receive Event : SCE_MBUS_EVENT_DEVICE_OWNER_CHANGED [DeviceId:0x3030d][UserId:0x107182a4]
"
PROCESS_OUTPUT,STREAM_STDIO,44,100730,930863772284,"#LOGIN MGR# [OnDeviceOwnerChanged] deviceId : 0x3030d / userId : 0x107182a4 
"
PROCESS_OUTPUT,STREAM_STDIO,44,100493,930863988352,"[LoginMgr:Queue] Dequeue - queueType : Level2 / eventType : QueueEventTypeSelectUser / eventJson : [{""EventType"":3,""deviceId"":1"
PROCESS_OUTPUT,STREAM_STDIO,44,100493,930864061873,"97389,""isDeviceRemoved"":false,""isForce"":false}] / isForce : False / isDeviceRemoved : False
"
PROCESS_OUTPUT,STREAM_STDIO,44,100493,931613300476,"[SceShellUI] I/PSM.UI : [NoDraw] : ClearFrameBuffer=False
"
PROCESS_OUTPUT,STREAM_STDIO,44,100493,932329255707,"[SceShellUI] I/PSM.UI : [FirstClear] : ClearFrameBuffer=False
"
PROCESS_OUTPUT,STREAM_STDIO,39,100136,932388342384,"**registerDevice:L1531 ERROR! m_DeviceInfo->setSubDeviceId failed. (0xFFFFFFF6)
"
PROCESS_OUTPUT,STREAM_STDIO,39,100136,932388416591,"**addDevice:L1348 ERROR! mbusOnDeviceAttach failed. (0x809B00FF)
"
PROCESS_OUTPUT,STREAM_STDIO,63,100936,934802770108,"fps 59.941 (16.683 ms), objects: 2484, coroutines: 1
"
PROCESS_OUTPUT,STREAM_STDIO,44,100493,938423735715,"[SceShellUI] I/PSM.UI : [NoDraw] : ClearFrameBuffer=False
"
PROCESS_OUTPUT,STREAM_STDIO,44,100493,939030528404,"[SceShellUI] I/PSM.UI : [FirstClear] : ClearFrameBuffer=False
"
PROCESS_OUTPUT,STREAM_STDIO,63,100936,942780973352,"fps 59.939 (16.684 ms), objects: 2484, coroutines: 1
"
PROCESS_OUTPUT,STREAM_STDIO,44,100493,948393865753,"[SceShellUI] I/PSM.UI : [NoDraw] : ClearFrameBuffer=False
"
PROCESS_OUTPUT,STREAM_STDIO,63,100936,950758101023,"fps 59.948 (16.681 ms), objects: 2484, coroutines: 1
"
PROCESS_OUTPUT,STREAM_STDIO,42,100158,955641973384,"[SceShellCore] Libc Heap Status: free 42%, in-use 3545.2 KB, trend +12.9 KB/min, peak 3949.4 KB, when 585 [sec]
"
PROCESS_OUTPUT,STREAM_STDIO,63,100936,958737155604,"fps 59.933 (16.685 ms), objects: 2484, coroutines: 1
"
PROCESS_OUTPUT,STREAM_STDIO,63,100936,966714954613,"fps 59.943 (16.683 ms), objects: 2484, coroutines: 1
"
PROCESS_OUTPUT,STREAM_STDIO,63,100936,974693179108,"fps 59.939 (16.684 ms), objects: 2487, coroutines: 2
"
PROCESS_OUTPUT,STREAM_STDIO,42,100288,982003581728,"[SceNetEv] PERIODIC_DOWNLOAD_INTERVAL_SEC={86400} contentId={8}, serviceName={netev}
"
PROCESS_OUTPUT,STREAM_STDIO,42,100288,982003678108,"[SceNetEv] start DownloadFile, contentId={8}, serviceName={netev}
"
PROCESS_OUTPUT,STREAM_STDIO,63,100936,982670203255,"fps 59.948 (16.681 ms), objects: 2484, coroutines: 1
"
PROCESS_OUTPUT,STREAM_STDIO,42,100511,989370489555,"[SL][16:26:10:423][Thread 0x0001889f][INFO][TRACE][ALWAYS][MAIN STREAM][BEGIN][Heap]sanity OK, free 2594848 (42%), in-use 36310"
PROCESS_OUTPUT,STREAM_STDIO,42,100511,989370627528,"72 (58%), peak 4044160 (65%), when 618 [sec]
"
PROCESS_OUTPUT,STREAM_STDIO,42,100511,990001640442,"[SL][16:26:10:819][Thread 0x0001889f][INFO][TRACE][ALWAYS][MAIN STREAM][END  ][Heap]sanity OK, free 2594848 (42%), in-use 36310"
PROCESS_OUTPUT,STREAM_STDIO,42,100511,990001732667,"72 (58%), peak 4110240 (66%), when 619 [sec]
"
PROCESS_OUTPUT,STREAM_STDIO,63,100936,990648475673,"fps 59.939 (16.684 ms), objects: 2484, coroutines: 1
"
PROCESS_OUTPUT,STREAM_STDIO,39,100136,992533470772,"* removeDevice:L1424 [MBUS] Receive device disconnect event.(deviceId=0x2100000003030d)
"
PROCESS_OUTPUT,STREAM_STDIO,39,100136,992533573260,"* removeDevice:L1424 [MBUS] Receive device disconnect event.(deviceId=0x3030d)
"
PROCESS_OUTPUT,STREAM_STDIO,39,100136,992533658213,"**getHidBatteryState:L373 sceHidControlGetBatteryState() failed. devId=0x3030d, ret=0x803b0003
"
PROCESS_OUTPUT,STREAM_STDIO,39,100136,992533735242,"**getHidBatteryState:L373 sceHidControlGetBatteryState() failed. devId=0x3030d, ret=0x803b0003
"
PROCESS_OUTPUT,STREAM_STDIO,39,100136,992533962000,"**getHidBatteryState:L373 sceHidControlGetBatteryState() failed. devId=0x3030d, ret=0x803b0003
"
PROCESS_OUTPUT,STREAM_STDIO,39,100136,992534020858,"**getHidBatteryState:L373 sceHidControlGetBatteryState() failed. devId=0x3030d, ret=0x803b0003
"
PROCESS_OUTPUT,STREAM_STDIO,39,100136,992534346072,"@ checkAudioOutHandleStatus:L2487
"
PROCESS_OUTPUT,STREAM_STDIO,44,100549,992546425753,"ScePsP[TID:0x188c5]: sceMbusEvent has been received. (eventId=2 REMOVED, deviceId=0x3030d)
"
PROCESS_OUTPUT,STREAM_STDIO,44,100549,992547561053,"ScePsP[TID:0x188c5]: Close Pad [0x030d0301]: ret=0x00000000
"
PROCESS_OUTPUT,STREAM_STDIO,44,100549,992547670096,"ScePsP[TID:0x188c5]: ConnectedDeviceStatus: count=1
"
PROCESS_OUTPUT,STREAM_STDIO,44,100549,992547725530,"  [c][DeviceId          ][UserId    ][Model     ]
"
PROCESS_OUTPUT,STREAM_STDIO,44,100549,992547851869,"  [ ][0xffffffffffffffff][0xffffffff][none      ]
"
PROCESS_OUTPUT,STREAM_STDIO,44,100549,992547907549,"  [ ][0xffffffffffffffff][0xffffffff][none      ]
"
PROCESS_OUTPUT,STREAM_STDIO,44,100549,992547963830,"  [ ][0xffffffffffffffff][0xffffffff][none      ]
"
PROCESS_OUTPUT,STREAM_STDIO,44,100549,992548031150,"  [ ][0xffffffffffffffff][0xffffffff][none      ]
"
PROCESS_OUTPUT,STREAM_STDIO,44,100730,992548690071,"#LOGIN MGR# Receive Event : SCE_MBUS_EVENT_DEVICE_REMOVED [DeviceId:0x3030d][SubType:2][REASON:0]
"
PROCESS_OUTPUT,STREAM_STDIO,44,100730,992548755225,"#LOGIN MGR# [DeviceQueueMgr::Dequeue(new)] deviceId : 0x000000000003030d / isForce : 0 / isDeviceRemoved : 1
"
PROCESS_OUTPUT,STREAM_STDIO,44,100493,992561072766,"[LoginMgr] OnLoginMgrDequeueEvent
"
PROCESS_OUTPUT,STREAM_STDIO,44,100493,992561587097,"[LoginMgr:EventQueue] Dequeue - param : {""EventType"":3,""deviceId"":197389,""isDeviceRemoved"":true,""isForce"":false}
"
PROCESS_OUTPUT,STREAM_STDIO,44,100493,992562027261,"[LoginMgr:Queue] Dequeue - queueType : Level2 / eventType : QueueEventTypeSelectUser / eventJson : [{""EventType"":3,""deviceId"":1"
PROCESS_OUTPUT,STREAM_STDIO,44,100493,992562119718,"97389,""isDeviceRemoved"":true,""isForce"":false}] / isForce : False / isDeviceRemoved : True
"
PROCESS_OUTPUT,STREAM_STDIO,44,100493,993785068566,"[SceShellUI] I/PSM.UI : [FirstClear] : ClearFrameBuffer=False
"
PROCESS_OUTPUT,STREAM_STDIO,42,100196,996885457551,"[SceShellCore] VM Stats: RSS 720.9, kernel 269.4, wire count 375.5, swap out 0.0, page table CPU 2204/6144 GPU 322/4096
"
PROCESS_OUTPUT,STREAM_STDIO,42,100196,996885551534,"[SceShellCore] FMEM   1.3/   4.5 NPXS20977 SceSysAvControl.elf
"
PROCESS_OUTPUT,STREAM_STDIO,42,100196,996885633167,"[SceShellCore] FMEM  11.0/  82.3 NPXS20991 SceSysCore.elf
"
PROCESS_OUTPUT,STREAM_STDIO,42,100196,996885780634,"[SceShellCore] FMEM  10.0/  55.9 NPXS20973 orbis_audiod.elf
"
PROCESS_OUTPUT,STREAM_STDIO,42,100196,996885845307,"[SceShellCore] FMEM   3.4/  11.2 NPXS20976 GnmCompositor.elf
"
PROCESS_OUTPUT,STREAM_STDIO,42,100196,996885902330,"[SceShellCore] FMEM  40.0/ 324.8 NPXS20000 SceShellCore
"
PROCESS_OUTPUT,STREAM_STDIO,42,100196,996885994965,"[SceShellCore] FMEM  19.9/ 193.6 decid.elf
"
PROCESS_OUTPUT,STREAM_STDIO,42,100196,996886047448,"[SceShellCore] FMEM 352.8/ 842.4 NPXS20001 SceShellUI
"
PROCESS_OUTPUT,STREAM_STDIO,42,100196,996886121752,"[SceShellCore] FMEM   6.9/  12.5 NPXS21003 SceAvCapture
"
PROCESS_OUTPUT,STREAM_STDIO,42,100196,996886216139,"[SceShellCore] FMEM   9.3/  32.4 NPXS21000 SceGameLiveStreaming
"
PROCESS_OUTPUT,STREAM_STDIO,42,100196,996886313676,"[SceShellCore] FMEM  23.5/ 265.8 NPXS20001 SecureUIProcess.self
"
PROCESS_OUTPUT,STREAM_STDIO,42,100196,996886456454,"[SceShellCore] FMEM  14.9/  49.6 NPXS21002 ScePartyDaemon
"
PROCESS_OUTPUT,STREAM_STDIO,42,100196,996886638657,"[SceShellCore] FMEM   4.5/  25.4 NPXS21004 SceVideoCoreServer
"
PROCESS_OUTPUT,STREAM_STDIO,42,100196,996887071002,"[SceShellCore] FMEM  23.7/  53.1 NPXS21006 SceRemotePlay
"
PROCESS_OUTPUT,STREAM_STDIO,42,100196,996887267476,"[SceShellCore] FMEM   7.3/  18.1 NPXS21019 SceSocialScreenMgr
"
PROCESS_OUTPUT,STREAM_STDIO,42,100196,996887491796,"[SceShellCore] FMEM   9.1/ 156.1 NPXS21002 webrtc_daemon.self
"
PROCESS_OUTPUT,STREAM_STDIO,42,100196,996887712708,"[SceShellCore] FMEM   5.4/   9.8 NPXS21007 SceMusicCoreServer
"
PROCESS_OUTPUT,STREAM_STDIO,42,100196,996887936212,"[SceShellCore] FMEM   7.5/  14.3 NPXS21020 SceVoiceAndAgent
"
PROCESS_OUTPUT,STREAM_STDIO,42,100196,996888138898,"[SceShellCore] FMEM   2.3/   5.1 NPXS20967 fs_cleaner.elf
"
PROCESS_OUTPUT,STREAM_STDIO,42,100196,996888391754,"[SceShellCore] FMEM   2.3/  10.2 NPXS20974 SceVdecProxy.elf
"
PROCESS_OUTPUT,STREAM_STDIO,42,100196,996888634092,"[SceShellCore] FMEM   2.4/  10.5 NPXS20975 SceVencProxy.elf
"
PROCESS_OUTPUT,STREAM_STDIO,42,100196,996888860789,"[SceShellCore] FMEM  31.9/ 526.0 NPXS20001 SecureWebProcess.self
"
PROCESS_OUTPUT,STREAM_STDIO,42,100196,996889062877,"[SceShellCore] FMEM  10.7/ 358.8 NPXS20001 orbis-jsc-compiler.self
"
PROCESS_OUTPUT,STREAM_STDIO,42,100196,996889292384,"[SceShellCore] FMEM 120.6/ 213.8 NPXS22010 SceCdlgApp
"
PROCESS_OUTPUT,STREAM_STDIO,63,100936,998626873694,"fps 59.938 (16.684 ms), objects: 2484, coroutines: 1
"
PROCESS_OUTPUT,STREAM_STDIO,39,100135,999694369500,"@ removeSession:L184
"
PROCESS_OUTPUT,STREAM_STDIO,42,100158,999697433396,"[SceSystemStateMgr] Power Mode Change: FULL_GAME
"
PROCESS_OUTPUT,STREAM_STDIO,42,100158,999701220051,"[SceSystemStateMgr] CPU  HLT CP SE CU ACLK DCLK ECLK LCLK SCLK SAMCLK VCLK DispCLK NCLK MemCLK MemP GMC DPM VDD      VDDNB    S"
PROCESS_OUTPUT,STREAM_STDIO,42,100158,999701283860,"OC      
"
PROCESS_OUTPUT,STREAM_STDIO,42,100158,999701495409,"[SceSystemStateMgr] 2100   0 GL  4 36  800  853  711  800  911    800  984     673 1700   1700   GL  GL   3 050/1037 043/1100 0"
PROCESS_OUTPUT,STREAM_STDIO,42,100158,999701553463,"0740f12
"
PROCESS_OUTPUT,STREAM_STDIO,44,100493,1003146339733,"[SceShellUI] I/PSM.UI : [NoDraw] : ClearFrameBuffer=False
"
PROCESS_OUTPUT,STREAM_STDIO,44,100493,1003704467750,"[SceShellUI] I/PSM.UI : [FirstClear] : ClearFrameBuffer=False
"
PROCESS_OUTPUT,STREAM_STDIO,42,100158,1005026776711,"[SceShellCore] Libc Heap Status: free 42%, in-use 3547.8 KB, trend +6.4 KB/min, peak 4013.9 KB, when 616 [sec]
"
PROCESS_OUTPUT,STREAM_STDIO,63,100936,1006604438937,"fps 59.944 (16.682 ms), objects: 2484, coroutines: 1
"
PROCESS_OUTPUT,STREAM_STDIO,44,100493,1013066819055,"[SceShellUI] I/PSM.UI : [NoDraw] : ClearFrameBuffer=False
"
PROCESS_OUTPUT,STREAM_STDIO,63,100936,1014582302296,"fps 59.942 (16.683 ms), objects: 2484, coroutines: 1
"
